2017-03-29 05:42:53,865 - requests_oauthlib.oauth1_auth - DEBUG - Signing request <PreparedRequest [POST]> using client <Client nonce=None, signature_method=HMAC-SHA1, realm=None, encoding=utf-8, timestamp=None, resource_owner_secret=****, decoding=None, verifier=None, signature_type=AUTH_HEADER, rsa_key=None, resource_owner_key=842028477192658944-8ZR2O9LCUVuQSWBlmp03zxa4C6YjG16, client_secret=****, callback_uri=None, client_key=9AgE4wWA6W7c2cubVeudk5vw0>
2017-03-29 05:42:53,865 - requests_oauthlib.oauth1_auth - DEBUG - Including body in call to sign: True
2017-03-29 05:42:53,867 - oauthlib.oauth1.rfc5849 - DEBUG - Collected params: [(u'delimited', u'length'), (u'oauth_nonce', u'138633310494666416771490766173'), (u'oauth_timestamp', u'1490766173'), (u'oauth_consumer_key', u'9AgE4wWA6W7c2cubVeudk5vw0'), (u'oauth_signature_method', u'HMAC-SHA1'), (u'oauth_version', u'1.0'), (u'oauth_token', u'842028477192658944-8ZR2O9LCUVuQSWBlmp03zxa4C6YjG16'), (u'track', u'a,the,i,you,u'), (u'language', u'en')]
2017-03-29 05:42:53,912 - oauthlib.oauth1.rfc5849 - DEBUG - Normalized params: delimited=length&language=en&oauth_consumer_key=9AgE4wWA6W7c2cubVeudk5vw0&oauth_nonce=138633310494666416771490766173&oauth_signature_method=HMAC-SHA1&oauth_timestamp=1490766173&oauth_token=842028477192658944-8ZR2O9LCUVuQSWBlmp03zxa4C6YjG16&oauth_version=1.0&track=a%2Cthe%2Ci%2Cyou%2Cu
2017-03-29 05:42:53,912 - oauthlib.oauth1.rfc5849 - DEBUG - Normalized URI: https://stream.twitter.com/1.1/statuses/filter.json
2017-03-29 05:42:53,912 - oauthlib.oauth1.rfc5849 - DEBUG - Base signing string: POST&https%3A%2F%2Fstream.twitter.com%2F1.1%2Fstatuses%2Ffilter.json&delimited%3Dlength%26language%3Den%26oauth_consumer_key%3D9AgE4wWA6W7c2cubVeudk5vw0%26oauth_nonce%3D138633310494666416771490766173%26oauth_signature_method%3DHMAC-SHA1%26oauth_timestamp%3D1490766173%26oauth_token%3D842028477192658944-8ZR2O9LCUVuQSWBlmp03zxa4C6YjG16%26oauth_version%3D1.0%26track%3Da%252Cthe%252Ci%252Cyou%252Cu
2017-03-29 05:42:53,913 - oauthlib.oauth1.rfc5849 - DEBUG - Signature: TEtzB9TYvzeL7s9bFcPSbOka35I=
2017-03-29 05:42:53,913 - requests_oauthlib.oauth1_auth - DEBUG - Updated url: https://stream.twitter.com/1.1/statuses/filter.json?delimited=length
2017-03-29 05:42:53,913 - requests_oauthlib.oauth1_auth - DEBUG - Updated headers: {u'Content-Length': u'39', u'Content-Type': u'application/x-www-form-urlencoded', u'Authorization': u'OAuth oauth_nonce="138633310494666416771490766173", oauth_timestamp="1490766173", oauth_version="1.0", oauth_signature_method="HMAC-SHA1", oauth_consumer_key="9AgE4wWA6W7c2cubVeudk5vw0", oauth_token="842028477192658944-8ZR2O9LCUVuQSWBlmp03zxa4C6YjG16", oauth_signature="TEtzB9TYvzeL7s9bFcPSbOka35I%3D"'}
2017-03-29 05:42:53,914 - requests_oauthlib.oauth1_auth - DEBUG - Updated body: u'track=a%2Cthe%2Ci%2Cyou%2Cu&language=en'
2017-03-29 05:42:53,958 - requests.packages.urllib3.connectionpool - INFO - Starting new HTTPS connection (1): stream.twitter.com
2017-03-29 05:42:54,411 - requests.packages.urllib3.connectionpool - DEBUG - "POST /1.1/statuses/filter.json?delimited=length HTTP/1.1" 420 36
2017-03-29 05:43:54,474 - requests_oauthlib.oauth1_auth - DEBUG - Signing request <PreparedRequest [POST]> using client <Client nonce=None, signature_method=HMAC-SHA1, realm=None, encoding=utf-8, timestamp=None, resource_owner_secret=****, decoding=None, verifier=None, signature_type=AUTH_HEADER, rsa_key=None, resource_owner_key=842028477192658944-8ZR2O9LCUVuQSWBlmp03zxa4C6YjG16, client_secret=****, callback_uri=None, client_key=9AgE4wWA6W7c2cubVeudk5vw0>
2017-03-29 05:43:54,475 - requests_oauthlib.oauth1_auth - DEBUG - Including body in call to sign: True
2017-03-29 05:43:54,476 - oauthlib.oauth1.rfc5849 - DEBUG - Collected params: [(u'delimited', u'length'), (u'oauth_nonce', u'57916278464364337651490766234'), (u'oauth_timestamp', u'1490766234'), (u'oauth_consumer_key', u'9AgE4wWA6W7c2cubVeudk5vw0'), (u'oauth_signature_method', u'HMAC-SHA1'), (u'oauth_version', u'1.0'), (u'oauth_token', u'842028477192658944-8ZR2O9LCUVuQSWBlmp03zxa4C6YjG16'), (u'track', u'a,the,i,you,u'), (u'language', u'en')]
2017-03-29 05:43:54,477 - oauthlib.oauth1.rfc5849 - DEBUG - Normalized params: delimited=length&language=en&oauth_consumer_key=9AgE4wWA6W7c2cubVeudk5vw0&oauth_nonce=57916278464364337651490766234&oauth_signature_method=HMAC-SHA1&oauth_timestamp=1490766234&oauth_token=842028477192658944-8ZR2O9LCUVuQSWBlmp03zxa4C6YjG16&oauth_version=1.0&track=a%2Cthe%2Ci%2Cyou%2Cu
2017-03-29 05:43:54,477 - oauthlib.oauth1.rfc5849 - DEBUG - Normalized URI: https://stream.twitter.com/1.1/statuses/filter.json
2017-03-29 05:43:54,477 - oauthlib.oauth1.rfc5849 - DEBUG - Base signing string: POST&https%3A%2F%2Fstream.twitter.com%2F1.1%2Fstatuses%2Ffilter.json&delimited%3Dlength%26language%3Den%26oauth_consumer_key%3D9AgE4wWA6W7c2cubVeudk5vw0%26oauth_nonce%3D57916278464364337651490766234%26oauth_signature_method%3DHMAC-SHA1%26oauth_timestamp%3D1490766234%26oauth_token%3D842028477192658944-8ZR2O9LCUVuQSWBlmp03zxa4C6YjG16%26oauth_version%3D1.0%26track%3Da%252Cthe%252Ci%252Cyou%252Cu
2017-03-29 05:43:54,478 - oauthlib.oauth1.rfc5849 - DEBUG - Signature: iuLTIU+nO29HpVoBH451QrH0wn0=
2017-03-29 05:43:54,478 - requests_oauthlib.oauth1_auth - DEBUG - Updated url: https://stream.twitter.com/1.1/statuses/filter.json?delimited=length
2017-03-29 05:43:54,478 - requests_oauthlib.oauth1_auth - DEBUG - Updated headers: {u'Content-Length': u'39', u'Content-Type': u'application/x-www-form-urlencoded', u'Authorization': u'OAuth oauth_nonce="57916278464364337651490766234", oauth_timestamp="1490766234", oauth_version="1.0", oauth_signature_method="HMAC-SHA1", oauth_consumer_key="9AgE4wWA6W7c2cubVeudk5vw0", oauth_token="842028477192658944-8ZR2O9LCUVuQSWBlmp03zxa4C6YjG16", oauth_signature="iuLTIU%2BnO29HpVoBH451QrH0wn0%3D"'}
2017-03-29 05:43:54,479 - requests_oauthlib.oauth1_auth - DEBUG - Updated body: u'track=a%2Cthe%2Ci%2Cyou%2Cu&language=en'
2017-03-29 05:43:54,479 - requests.packages.urllib3.connectionpool - INFO - Starting new HTTPS connection (2): stream.twitter.com
2017-03-29 05:43:54,589 - requests.packages.urllib3.connectionpool - DEBUG - "POST /1.1/statuses/filter.json?delimited=length HTTP/1.1" 420 36
2017-03-29 05:45:54,697 - requests_oauthlib.oauth1_auth - DEBUG - Signing request <PreparedRequest [POST]> using client <Client nonce=None, signature_method=HMAC-SHA1, realm=None, encoding=utf-8, timestamp=None, resource_owner_secret=****, decoding=None, verifier=None, signature_type=AUTH_HEADER, rsa_key=None, resource_owner_key=842028477192658944-8ZR2O9LCUVuQSWBlmp03zxa4C6YjG16, client_secret=****, callback_uri=None, client_key=9AgE4wWA6W7c2cubVeudk5vw0>
2017-03-29 05:45:54,698 - requests_oauthlib.oauth1_auth - DEBUG - Including body in call to sign: True
2017-03-29 05:45:54,699 - oauthlib.oauth1.rfc5849 - DEBUG - Collected params: [(u'delimited', u'length'), (u'oauth_nonce', u'72585860256986895891490766354'), (u'oauth_timestamp', u'1490766354'), (u'oauth_consumer_key', u'9AgE4wWA6W7c2cubVeudk5vw0'), (u'oauth_signature_method', u'HMAC-SHA1'), (u'oauth_version', u'1.0'), (u'oauth_token', u'842028477192658944-8ZR2O9LCUVuQSWBlmp03zxa4C6YjG16'), (u'track', u'a,the,i,you,u'), (u'language', u'en')]
2017-03-29 05:45:54,699 - oauthlib.oauth1.rfc5849 - DEBUG - Normalized params: delimited=length&language=en&oauth_consumer_key=9AgE4wWA6W7c2cubVeudk5vw0&oauth_nonce=72585860256986895891490766354&oauth_signature_method=HMAC-SHA1&oauth_timestamp=1490766354&oauth_token=842028477192658944-8ZR2O9LCUVuQSWBlmp03zxa4C6YjG16&oauth_version=1.0&track=a%2Cthe%2Ci%2Cyou%2Cu
2017-03-29 05:45:54,700 - oauthlib.oauth1.rfc5849 - DEBUG - Normalized URI: https://stream.twitter.com/1.1/statuses/filter.json
2017-03-29 05:45:54,701 - oauthlib.oauth1.rfc5849 - DEBUG - Base signing string: POST&https%3A%2F%2Fstream.twitter.com%2F1.1%2Fstatuses%2Ffilter.json&delimited%3Dlength%26language%3Den%26oauth_consumer_key%3D9AgE4wWA6W7c2cubVeudk5vw0%26oauth_nonce%3D72585860256986895891490766354%26oauth_signature_method%3DHMAC-SHA1%26oauth_timestamp%3D1490766354%26oauth_token%3D842028477192658944-8ZR2O9LCUVuQSWBlmp03zxa4C6YjG16%26oauth_version%3D1.0%26track%3Da%252Cthe%252Ci%252Cyou%252Cu
2017-03-29 05:45:54,701 - oauthlib.oauth1.rfc5849 - DEBUG - Signature: AoOTdHsVNipQx4c7HCIIU+hx5ms=
2017-03-29 05:45:54,702 - requests_oauthlib.oauth1_auth - DEBUG - Updated url: https://stream.twitter.com/1.1/statuses/filter.json?delimited=length
2017-03-29 05:45:54,702 - requests_oauthlib.oauth1_auth - DEBUG - Updated headers: {u'Content-Length': u'39', u'Content-Type': u'application/x-www-form-urlencoded', u'Authorization': u'OAuth oauth_nonce="72585860256986895891490766354", oauth_timestamp="1490766354", oauth_version="1.0", oauth_signature_method="HMAC-SHA1", oauth_consumer_key="9AgE4wWA6W7c2cubVeudk5vw0", oauth_token="842028477192658944-8ZR2O9LCUVuQSWBlmp03zxa4C6YjG16", oauth_signature="AoOTdHsVNipQx4c7HCIIU%2Bhx5ms%3D"'}
2017-03-29 05:45:54,702 - requests_oauthlib.oauth1_auth - DEBUG - Updated body: u'track=a%2Cthe%2Ci%2Cyou%2Cu&language=en'
2017-03-29 05:45:54,703 - requests.packages.urllib3.connectionpool - INFO - Starting new HTTPS connection (3): stream.twitter.com
2017-03-29 05:45:54,817 - requests.packages.urllib3.connectionpool - DEBUG - "POST /1.1/statuses/filter.json?delimited=length HTTP/1.1" 420 36
2017-03-29 05:49:54,932 - requests_oauthlib.oauth1_auth - DEBUG - Signing request <PreparedRequest [POST]> using client <Client nonce=None, signature_method=HMAC-SHA1, realm=None, encoding=utf-8, timestamp=None, resource_owner_secret=****, decoding=None, verifier=None, signature_type=AUTH_HEADER, rsa_key=None, resource_owner_key=842028477192658944-8ZR2O9LCUVuQSWBlmp03zxa4C6YjG16, client_secret=****, callback_uri=None, client_key=9AgE4wWA6W7c2cubVeudk5vw0>
2017-03-29 05:49:54,932 - requests_oauthlib.oauth1_auth - DEBUG - Including body in call to sign: True
2017-03-29 05:49:54,934 - oauthlib.oauth1.rfc5849 - DEBUG - Collected params: [(u'delimited', u'length'), (u'oauth_nonce', u'26905618463809795041490766594'), (u'oauth_timestamp', u'1490766594'), (u'oauth_consumer_key', u'9AgE4wWA6W7c2cubVeudk5vw0'), (u'oauth_signature_method', u'HMAC-SHA1'), (u'oauth_version', u'1.0'), (u'oauth_token', u'842028477192658944-8ZR2O9LCUVuQSWBlmp03zxa4C6YjG16'), (u'track', u'a,the,i,you,u'), (u'language', u'en')]
2017-03-29 05:49:54,934 - oauthlib.oauth1.rfc5849 - DEBUG - Normalized params: delimited=length&language=en&oauth_consumer_key=9AgE4wWA6W7c2cubVeudk5vw0&oauth_nonce=26905618463809795041490766594&oauth_signature_method=HMAC-SHA1&oauth_timestamp=1490766594&oauth_token=842028477192658944-8ZR2O9LCUVuQSWBlmp03zxa4C6YjG16&oauth_version=1.0&track=a%2Cthe%2Ci%2Cyou%2Cu
2017-03-29 05:49:54,934 - oauthlib.oauth1.rfc5849 - DEBUG - Normalized URI: https://stream.twitter.com/1.1/statuses/filter.json
2017-03-29 05:49:54,935 - oauthlib.oauth1.rfc5849 - DEBUG - Base signing string: POST&https%3A%2F%2Fstream.twitter.com%2F1.1%2Fstatuses%2Ffilter.json&delimited%3Dlength%26language%3Den%26oauth_consumer_key%3D9AgE4wWA6W7c2cubVeudk5vw0%26oauth_nonce%3D26905618463809795041490766594%26oauth_signature_method%3DHMAC-SHA1%26oauth_timestamp%3D1490766594%26oauth_token%3D842028477192658944-8ZR2O9LCUVuQSWBlmp03zxa4C6YjG16%26oauth_version%3D1.0%26track%3Da%252Cthe%252Ci%252Cyou%252Cu
2017-03-29 05:49:54,935 - oauthlib.oauth1.rfc5849 - DEBUG - Signature: E++aEsgPKZLjGPlJTe79p+v9qNk=
2017-03-29 05:49:54,936 - requests_oauthlib.oauth1_auth - DEBUG - Updated url: https://stream.twitter.com/1.1/statuses/filter.json?delimited=length
2017-03-29 05:49:54,936 - requests_oauthlib.oauth1_auth - DEBUG - Updated headers: {u'Content-Length': u'39', u'Content-Type': u'application/x-www-form-urlencoded', u'Authorization': u'OAuth oauth_nonce="26905618463809795041490766594", oauth_timestamp="1490766594", oauth_version="1.0", oauth_signature_method="HMAC-SHA1", oauth_consumer_key="9AgE4wWA6W7c2cubVeudk5vw0", oauth_token="842028477192658944-8ZR2O9LCUVuQSWBlmp03zxa4C6YjG16", oauth_signature="E%2B%2BaEsgPKZLjGPlJTe79p%2Bv9qNk%3D"'}
2017-03-29 05:49:54,936 - requests_oauthlib.oauth1_auth - DEBUG - Updated body: u'track=a%2Cthe%2Ci%2Cyou%2Cu&language=en'
2017-03-29 05:49:54,937 - requests.packages.urllib3.connectionpool - INFO - Starting new HTTPS connection (4): stream.twitter.com
2017-03-29 05:49:55,157 - requests.packages.urllib3.connectionpool - DEBUG - "POST /1.1/statuses/filter.json?delimited=length HTTP/1.1" 420 36
2017-03-29 05:55:15,261 - requests_oauthlib.oauth1_auth - DEBUG - Signing request <PreparedRequest [POST]> using client <Client nonce=None, signature_method=HMAC-SHA1, realm=None, encoding=utf-8, timestamp=None, resource_owner_secret=****, decoding=None, verifier=None, signature_type=AUTH_HEADER, rsa_key=None, resource_owner_key=842028477192658944-8ZR2O9LCUVuQSWBlmp03zxa4C6YjG16, client_secret=****, callback_uri=None, client_key=9AgE4wWA6W7c2cubVeudk5vw0>
2017-03-29 05:55:15,262 - requests_oauthlib.oauth1_auth - DEBUG - Including body in call to sign: True
2017-03-29 05:55:15,263 - oauthlib.oauth1.rfc5849 - DEBUG - Collected params: [(u'delimited', u'length'), (u'oauth_nonce', u'88525654150546138821490766915'), (u'oauth_timestamp', u'1490766915'), (u'oauth_consumer_key', u'9AgE4wWA6W7c2cubVeudk5vw0'), (u'oauth_signature_method', u'HMAC-SHA1'), (u'oauth_version', u'1.0'), (u'oauth_token', u'842028477192658944-8ZR2O9LCUVuQSWBlmp03zxa4C6YjG16'), (u'track', u'a,the,i,you,u'), (u'language', u'en')]
2017-03-29 05:55:15,263 - oauthlib.oauth1.rfc5849 - DEBUG - Normalized params: delimited=length&language=en&oauth_consumer_key=9AgE4wWA6W7c2cubVeudk5vw0&oauth_nonce=88525654150546138821490766915&oauth_signature_method=HMAC-SHA1&oauth_timestamp=1490766915&oauth_token=842028477192658944-8ZR2O9LCUVuQSWBlmp03zxa4C6YjG16&oauth_version=1.0&track=a%2Cthe%2Ci%2Cyou%2Cu
2017-03-29 05:55:15,264 - oauthlib.oauth1.rfc5849 - DEBUG - Normalized URI: https://stream.twitter.com/1.1/statuses/filter.json
2017-03-29 05:55:15,264 - oauthlib.oauth1.rfc5849 - DEBUG - Base signing string: POST&https%3A%2F%2Fstream.twitter.com%2F1.1%2Fstatuses%2Ffilter.json&delimited%3Dlength%26language%3Den%26oauth_consumer_key%3D9AgE4wWA6W7c2cubVeudk5vw0%26oauth_nonce%3D88525654150546138821490766915%26oauth_signature_method%3DHMAC-SHA1%26oauth_timestamp%3D1490766915%26oauth_token%3D842028477192658944-8ZR2O9LCUVuQSWBlmp03zxa4C6YjG16%26oauth_version%3D1.0%26track%3Da%252Cthe%252Ci%252Cyou%252Cu
2017-03-29 05:55:15,264 - oauthlib.oauth1.rfc5849 - DEBUG - Signature: CP7zXXmcwZzFvbn23IBJFQhBEzE=
2017-03-29 05:55:15,265 - requests_oauthlib.oauth1_auth - DEBUG - Updated url: https://stream.twitter.com/1.1/statuses/filter.json?delimited=length
2017-03-29 05:55:15,265 - requests_oauthlib.oauth1_auth - DEBUG - Updated headers: {u'Content-Length': u'39', u'Content-Type': u'application/x-www-form-urlencoded', u'Authorization': u'OAuth oauth_nonce="88525654150546138821490766915", oauth_timestamp="1490766915", oauth_version="1.0", oauth_signature_method="HMAC-SHA1", oauth_consumer_key="9AgE4wWA6W7c2cubVeudk5vw0", oauth_token="842028477192658944-8ZR2O9LCUVuQSWBlmp03zxa4C6YjG16", oauth_signature="CP7zXXmcwZzFvbn23IBJFQhBEzE%3D"'}
2017-03-29 05:55:15,265 - requests_oauthlib.oauth1_auth - DEBUG - Updated body: u'track=a%2Cthe%2Ci%2Cyou%2Cu&language=en'
2017-03-29 05:55:15,266 - requests.packages.urllib3.connectionpool - INFO - Starting new HTTPS connection (5): stream.twitter.com
2017-03-29 05:55:15,413 - requests.packages.urllib3.connectionpool - DEBUG - "POST /1.1/statuses/filter.json?delimited=length HTTP/1.1" 200 None
