2017-03-29 02:30:43,816 - requests_oauthlib.oauth1_auth - DEBUG - Signing request <PreparedRequest [POST]> using client <Client nonce=None, signature_method=HMAC-SHA1, realm=None, encoding=utf-8, timestamp=None, resource_owner_secret=****, decoding=None, verifier=None, signature_type=AUTH_HEADER, rsa_key=None, resource_owner_key=842028477192658944-8ZR2O9LCUVuQSWBlmp03zxa4C6YjG16, client_secret=****, callback_uri=None, client_key=9AgE4wWA6W7c2cubVeudk5vw0>
2017-03-29 02:30:43,816 - requests_oauthlib.oauth1_auth - DEBUG - Including body in call to sign: True
2017-03-29 02:30:43,818 - oauthlib.oauth1.rfc5849 - DEBUG - Collected params: [(u'delimited', u'length'), (u'oauth_nonce', u'113949220283635168281490754643'), (u'oauth_timestamp', u'1490754643'), (u'oauth_consumer_key', u'9AgE4wWA6W7c2cubVeudk5vw0'), (u'oauth_signature_method', u'HMAC-SHA1'), (u'oauth_version', u'1.0'), (u'oauth_token', u'842028477192658944-8ZR2O9LCUVuQSWBlmp03zxa4C6YjG16'), (u'track', u'a,the,i,you,u'), (u'language', u'en')]
2017-03-29 02:30:43,818 - oauthlib.oauth1.rfc5849 - DEBUG - Normalized params: delimited=length&language=en&oauth_consumer_key=9AgE4wWA6W7c2cubVeudk5vw0&oauth_nonce=113949220283635168281490754643&oauth_signature_method=HMAC-SHA1&oauth_timestamp=1490754643&oauth_token=842028477192658944-8ZR2O9LCUVuQSWBlmp03zxa4C6YjG16&oauth_version=1.0&track=a%2Cthe%2Ci%2Cyou%2Cu
2017-03-29 02:30:43,819 - oauthlib.oauth1.rfc5849 - DEBUG - Normalized URI: https://stream.twitter.com/1.1/statuses/filter.json
2017-03-29 02:30:43,819 - oauthlib.oauth1.rfc5849 - DEBUG - Base signing string: POST&https%3A%2F%2Fstream.twitter.com%2F1.1%2Fstatuses%2Ffilter.json&delimited%3Dlength%26language%3Den%26oauth_consumer_key%3D9AgE4wWA6W7c2cubVeudk5vw0%26oauth_nonce%3D113949220283635168281490754643%26oauth_signature_method%3DHMAC-SHA1%26oauth_timestamp%3D1490754643%26oauth_token%3D842028477192658944-8ZR2O9LCUVuQSWBlmp03zxa4C6YjG16%26oauth_version%3D1.0%26track%3Da%252Cthe%252Ci%252Cyou%252Cu
2017-03-29 02:30:43,819 - oauthlib.oauth1.rfc5849 - DEBUG - Signature: Te/MFO1Kc93IA1djeT4mFfOaLk8=
2017-03-29 02:30:43,850 - requests_oauthlib.oauth1_auth - DEBUG - Updated url: https://stream.twitter.com/1.1/statuses/filter.json?delimited=length
2017-03-29 02:30:43,850 - requests_oauthlib.oauth1_auth - DEBUG - Updated headers: {u'Content-Length': u'39', u'Content-Type': u'application/x-www-form-urlencoded', u'Authorization': u'OAuth oauth_nonce="113949220283635168281490754643", oauth_timestamp="1490754643", oauth_version="1.0", oauth_signature_method="HMAC-SHA1", oauth_consumer_key="9AgE4wWA6W7c2cubVeudk5vw0", oauth_token="842028477192658944-8ZR2O9LCUVuQSWBlmp03zxa4C6YjG16", oauth_signature="Te%2FMFO1Kc93IA1djeT4mFfOaLk8%3D"'}
2017-03-29 02:30:43,850 - requests_oauthlib.oauth1_auth - DEBUG - Updated body: u'track=a%2Cthe%2Ci%2Cyou%2Cu&language=en'
2017-03-29 02:30:43,889 - requests.packages.urllib3.connectionpool - INFO - Starting new HTTPS connection (1): stream.twitter.com
2017-03-29 02:30:44,260 - requests.packages.urllib3.connectionpool - DEBUG - "POST /1.1/statuses/filter.json?delimited=length HTTP/1.1" 420 36
2017-03-29 02:31:44,321 - requests_oauthlib.oauth1_auth - DEBUG - Signing request <PreparedRequest [POST]> using client <Client nonce=None, signature_method=HMAC-SHA1, realm=None, encoding=utf-8, timestamp=None, resource_owner_secret=****, decoding=None, verifier=None, signature_type=AUTH_HEADER, rsa_key=None, resource_owner_key=842028477192658944-8ZR2O9LCUVuQSWBlmp03zxa4C6YjG16, client_secret=****, callback_uri=None, client_key=9AgE4wWA6W7c2cubVeudk5vw0>
2017-03-29 02:31:44,322 - requests_oauthlib.oauth1_auth - DEBUG - Including body in call to sign: True
2017-03-29 02:31:44,322 - oauthlib.oauth1.rfc5849 - DEBUG - Collected params: [(u'delimited', u'length'), (u'oauth_nonce', u'47246644080442105131490754704'), (u'oauth_timestamp', u'1490754704'), (u'oauth_consumer_key', u'9AgE4wWA6W7c2cubVeudk5vw0'), (u'oauth_signature_method', u'HMAC-SHA1'), (u'oauth_version', u'1.0'), (u'oauth_token', u'842028477192658944-8ZR2O9LCUVuQSWBlmp03zxa4C6YjG16'), (u'track', u'a,the,i,you,u'), (u'language', u'en')]
2017-03-29 02:31:44,323 - oauthlib.oauth1.rfc5849 - DEBUG - Normalized params: delimited=length&language=en&oauth_consumer_key=9AgE4wWA6W7c2cubVeudk5vw0&oauth_nonce=47246644080442105131490754704&oauth_signature_method=HMAC-SHA1&oauth_timestamp=1490754704&oauth_token=842028477192658944-8ZR2O9LCUVuQSWBlmp03zxa4C6YjG16&oauth_version=1.0&track=a%2Cthe%2Ci%2Cyou%2Cu
2017-03-29 02:31:44,323 - oauthlib.oauth1.rfc5849 - DEBUG - Normalized URI: https://stream.twitter.com/1.1/statuses/filter.json
2017-03-29 02:31:44,323 - oauthlib.oauth1.rfc5849 - DEBUG - Base signing string: POST&https%3A%2F%2Fstream.twitter.com%2F1.1%2Fstatuses%2Ffilter.json&delimited%3Dlength%26language%3Den%26oauth_consumer_key%3D9AgE4wWA6W7c2cubVeudk5vw0%26oauth_nonce%3D47246644080442105131490754704%26oauth_signature_method%3DHMAC-SHA1%26oauth_timestamp%3D1490754704%26oauth_token%3D842028477192658944-8ZR2O9LCUVuQSWBlmp03zxa4C6YjG16%26oauth_version%3D1.0%26track%3Da%252Cthe%252Ci%252Cyou%252Cu
2017-03-29 02:31:44,323 - oauthlib.oauth1.rfc5849 - DEBUG - Signature: jIafxQExhBfgzs4gIH77ksjWYVU=
2017-03-29 02:31:44,324 - requests_oauthlib.oauth1_auth - DEBUG - Updated url: https://stream.twitter.com/1.1/statuses/filter.json?delimited=length
2017-03-29 02:31:44,324 - requests_oauthlib.oauth1_auth - DEBUG - Updated headers: {u'Content-Length': u'39', u'Content-Type': u'application/x-www-form-urlencoded', u'Authorization': u'OAuth oauth_nonce="47246644080442105131490754704", oauth_timestamp="1490754704", oauth_version="1.0", oauth_signature_method="HMAC-SHA1", oauth_consumer_key="9AgE4wWA6W7c2cubVeudk5vw0", oauth_token="842028477192658944-8ZR2O9LCUVuQSWBlmp03zxa4C6YjG16", oauth_signature="jIafxQExhBfgzs4gIH77ksjWYVU%3D"'}
2017-03-29 02:31:44,324 - requests_oauthlib.oauth1_auth - DEBUG - Updated body: u'track=a%2Cthe%2Ci%2Cyou%2Cu&language=en'
2017-03-29 02:31:44,324 - requests.packages.urllib3.connectionpool - INFO - Starting new HTTPS connection (2): stream.twitter.com
2017-03-29 02:31:44,517 - requests.packages.urllib3.connectionpool - DEBUG - "POST /1.1/statuses/filter.json?delimited=length HTTP/1.1" 420 36
2017-03-29 02:33:44,619 - requests_oauthlib.oauth1_auth - DEBUG - Signing request <PreparedRequest [POST]> using client <Client nonce=None, signature_method=HMAC-SHA1, realm=None, encoding=utf-8, timestamp=None, resource_owner_secret=****, decoding=None, verifier=None, signature_type=AUTH_HEADER, rsa_key=None, resource_owner_key=842028477192658944-8ZR2O9LCUVuQSWBlmp03zxa4C6YjG16, client_secret=****, callback_uri=None, client_key=9AgE4wWA6W7c2cubVeudk5vw0>
2017-03-29 02:33:44,620 - requests_oauthlib.oauth1_auth - DEBUG - Including body in call to sign: True
2017-03-29 02:33:44,620 - oauthlib.oauth1.rfc5849 - DEBUG - Collected params: [(u'delimited', u'length'), (u'oauth_nonce', u'4651608978527665491490754824'), (u'oauth_timestamp', u'1490754824'), (u'oauth_consumer_key', u'9AgE4wWA6W7c2cubVeudk5vw0'), (u'oauth_signature_method', u'HMAC-SHA1'), (u'oauth_version', u'1.0'), (u'oauth_token', u'842028477192658944-8ZR2O9LCUVuQSWBlmp03zxa4C6YjG16'), (u'track', u'a,the,i,you,u'), (u'language', u'en')]
2017-03-29 02:33:44,621 - oauthlib.oauth1.rfc5849 - DEBUG - Normalized params: delimited=length&language=en&oauth_consumer_key=9AgE4wWA6W7c2cubVeudk5vw0&oauth_nonce=4651608978527665491490754824&oauth_signature_method=HMAC-SHA1&oauth_timestamp=1490754824&oauth_token=842028477192658944-8ZR2O9LCUVuQSWBlmp03zxa4C6YjG16&oauth_version=1.0&track=a%2Cthe%2Ci%2Cyou%2Cu
2017-03-29 02:33:44,621 - oauthlib.oauth1.rfc5849 - DEBUG - Normalized URI: https://stream.twitter.com/1.1/statuses/filter.json
2017-03-29 02:33:44,621 - oauthlib.oauth1.rfc5849 - DEBUG - Base signing string: POST&https%3A%2F%2Fstream.twitter.com%2F1.1%2Fstatuses%2Ffilter.json&delimited%3Dlength%26language%3Den%26oauth_consumer_key%3D9AgE4wWA6W7c2cubVeudk5vw0%26oauth_nonce%3D4651608978527665491490754824%26oauth_signature_method%3DHMAC-SHA1%26oauth_timestamp%3D1490754824%26oauth_token%3D842028477192658944-8ZR2O9LCUVuQSWBlmp03zxa4C6YjG16%26oauth_version%3D1.0%26track%3Da%252Cthe%252Ci%252Cyou%252Cu
2017-03-29 02:33:44,621 - oauthlib.oauth1.rfc5849 - DEBUG - Signature: Iik4V/feZSCZ/YOqj5qLdrNoTq0=
2017-03-29 02:33:44,621 - requests_oauthlib.oauth1_auth - DEBUG - Updated url: https://stream.twitter.com/1.1/statuses/filter.json?delimited=length
2017-03-29 02:33:44,621 - requests_oauthlib.oauth1_auth - DEBUG - Updated headers: {u'Content-Length': u'39', u'Content-Type': u'application/x-www-form-urlencoded', u'Authorization': u'OAuth oauth_nonce="4651608978527665491490754824", oauth_timestamp="1490754824", oauth_version="1.0", oauth_signature_method="HMAC-SHA1", oauth_consumer_key="9AgE4wWA6W7c2cubVeudk5vw0", oauth_token="842028477192658944-8ZR2O9LCUVuQSWBlmp03zxa4C6YjG16", oauth_signature="Iik4V%2FfeZSCZ%2FYOqj5qLdrNoTq0%3D"'}
2017-03-29 02:33:44,622 - requests_oauthlib.oauth1_auth - DEBUG - Updated body: u'track=a%2Cthe%2Ci%2Cyou%2Cu&language=en'
2017-03-29 02:33:44,622 - requests.packages.urllib3.connectionpool - INFO - Starting new HTTPS connection (3): stream.twitter.com
2017-03-29 02:33:44,792 - requests.packages.urllib3.connectionpool - DEBUG - "POST /1.1/statuses/filter.json?delimited=length HTTP/1.1" 200 None
