2017-04-04 20:23:51,081 - requests_oauthlib.oauth1_auth - DEBUG - Signing request <PreparedRequest [POST]> using client <Client nonce=None, signature_method=HMAC-SHA1, realm=None, encoding=utf-8, timestamp=None, resource_owner_secret=****, decoding=None, verifier=None, signature_type=AUTH_HEADER, rsa_key=None, resource_owner_key=842028477192658944-8ZR2O9LCUVuQSWBlmp03zxa4C6YjG16, client_secret=****, callback_uri=None, client_key=9AgE4wWA6W7c2cubVeudk5vw0>
2017-04-04 20:23:51,082 - requests_oauthlib.oauth1_auth - DEBUG - Including body in call to sign: True
2017-04-04 20:23:51,085 - oauthlib.oauth1.rfc5849 - DEBUG - Collected params: [(u'delimited', u'length'), (u'oauth_nonce', u'129007045413877992901491337431'), (u'oauth_timestamp', u'1491337431'), (u'oauth_consumer_key', u'9AgE4wWA6W7c2cubVeudk5vw0'), (u'oauth_signature_method', u'HMAC-SHA1'), (u'oauth_version', u'1.0'), (u'oauth_token', u'842028477192658944-8ZR2O9LCUVuQSWBlmp03zxa4C6YjG16'), (u'track', u'Trump,trump,Clinton,clinton,donald,Donald,Hillary,hillary'), (u'language', u'en')]
2017-04-04 20:23:51,085 - oauthlib.oauth1.rfc5849 - DEBUG - Normalized params: delimited=length&language=en&oauth_consumer_key=9AgE4wWA6W7c2cubVeudk5vw0&oauth_nonce=129007045413877992901491337431&oauth_signature_method=HMAC-SHA1&oauth_timestamp=1491337431&oauth_token=842028477192658944-8ZR2O9LCUVuQSWBlmp03zxa4C6YjG16&oauth_version=1.0&track=Trump%2Ctrump%2CClinton%2Cclinton%2Cdonald%2CDonald%2CHillary%2Chillary
2017-04-04 20:23:51,086 - oauthlib.oauth1.rfc5849 - DEBUG - Normalized URI: https://stream.twitter.com/1.1/statuses/filter.json
2017-04-04 20:23:51,086 - oauthlib.oauth1.rfc5849 - DEBUG - Base signing string: POST&https%3A%2F%2Fstream.twitter.com%2F1.1%2Fstatuses%2Ffilter.json&delimited%3Dlength%26language%3Den%26oauth_consumer_key%3D9AgE4wWA6W7c2cubVeudk5vw0%26oauth_nonce%3D129007045413877992901491337431%26oauth_signature_method%3DHMAC-SHA1%26oauth_timestamp%3D1491337431%26oauth_token%3D842028477192658944-8ZR2O9LCUVuQSWBlmp03zxa4C6YjG16%26oauth_version%3D1.0%26track%3DTrump%252Ctrump%252CClinton%252Cclinton%252Cdonald%252CDonald%252CHillary%252Chillary
2017-04-04 20:23:51,086 - oauthlib.oauth1.rfc5849 - DEBUG - Signature: iRkQETu78NqeiES5sh+E2B4yiEg=
2017-04-04 20:23:51,087 - requests_oauthlib.oauth1_auth - DEBUG - Updated url: https://stream.twitter.com/1.1/statuses/filter.json?delimited=length
2017-04-04 20:23:51,087 - requests_oauthlib.oauth1_auth - DEBUG - Updated headers: {u'Content-Length': u'89', u'Content-Type': u'application/x-www-form-urlencoded', u'Authorization': u'OAuth oauth_nonce="129007045413877992901491337431", oauth_timestamp="1491337431", oauth_version="1.0", oauth_signature_method="HMAC-SHA1", oauth_consumer_key="9AgE4wWA6W7c2cubVeudk5vw0", oauth_token="842028477192658944-8ZR2O9LCUVuQSWBlmp03zxa4C6YjG16", oauth_signature="iRkQETu78NqeiES5sh%2BE2B4yiEg%3D"'}
2017-04-04 20:23:51,087 - requests_oauthlib.oauth1_auth - DEBUG - Updated body: u'track=Trump%2Ctrump%2CClinton%2Cclinton%2Cdonald%2CDonald%2CHillary%2Chillary&language=en'
2017-04-04 20:23:51,098 - requests.packages.urllib3.connectionpool - INFO - Starting new HTTPS connection (1): stream.twitter.com
2017-04-04 20:23:51,594 - requests.packages.urllib3.connectionpool - DEBUG - "POST /1.1/statuses/filter.json?delimited=length HTTP/1.1" 420 36
2017-04-04 20:24:51,640 - requests_oauthlib.oauth1_auth - DEBUG - Signing request <PreparedRequest [POST]> using client <Client nonce=None, signature_method=HMAC-SHA1, realm=None, encoding=utf-8, timestamp=None, resource_owner_secret=****, decoding=None, verifier=None, signature_type=AUTH_HEADER, rsa_key=None, resource_owner_key=842028477192658944-8ZR2O9LCUVuQSWBlmp03zxa4C6YjG16, client_secret=****, callback_uri=None, client_key=9AgE4wWA6W7c2cubVeudk5vw0>
2017-04-04 20:24:51,641 - requests_oauthlib.oauth1_auth - DEBUG - Including body in call to sign: True
2017-04-04 20:24:51,642 - oauthlib.oauth1.rfc5849 - DEBUG - Collected params: [(u'delimited', u'length'), (u'oauth_nonce', u'130041707982126776301491337491'), (u'oauth_timestamp', u'1491337491'), (u'oauth_consumer_key', u'9AgE4wWA6W7c2cubVeudk5vw0'), (u'oauth_signature_method', u'HMAC-SHA1'), (u'oauth_version', u'1.0'), (u'oauth_token', u'842028477192658944-8ZR2O9LCUVuQSWBlmp03zxa4C6YjG16'), (u'track', u'Trump,trump,Clinton,clinton,donald,Donald,Hillary,hillary'), (u'language', u'en')]
2017-04-04 20:24:51,642 - oauthlib.oauth1.rfc5849 - DEBUG - Normalized params: delimited=length&language=en&oauth_consumer_key=9AgE4wWA6W7c2cubVeudk5vw0&oauth_nonce=130041707982126776301491337491&oauth_signature_method=HMAC-SHA1&oauth_timestamp=1491337491&oauth_token=842028477192658944-8ZR2O9LCUVuQSWBlmp03zxa4C6YjG16&oauth_version=1.0&track=Trump%2Ctrump%2CClinton%2Cclinton%2Cdonald%2CDonald%2CHillary%2Chillary
2017-04-04 20:24:51,642 - oauthlib.oauth1.rfc5849 - DEBUG - Normalized URI: https://stream.twitter.com/1.1/statuses/filter.json
2017-04-04 20:24:51,642 - oauthlib.oauth1.rfc5849 - DEBUG - Base signing string: POST&https%3A%2F%2Fstream.twitter.com%2F1.1%2Fstatuses%2Ffilter.json&delimited%3Dlength%26language%3Den%26oauth_consumer_key%3D9AgE4wWA6W7c2cubVeudk5vw0%26oauth_nonce%3D130041707982126776301491337491%26oauth_signature_method%3DHMAC-SHA1%26oauth_timestamp%3D1491337491%26oauth_token%3D842028477192658944-8ZR2O9LCUVuQSWBlmp03zxa4C6YjG16%26oauth_version%3D1.0%26track%3DTrump%252Ctrump%252CClinton%252Cclinton%252Cdonald%252CDonald%252CHillary%252Chillary
2017-04-04 20:24:51,642 - oauthlib.oauth1.rfc5849 - DEBUG - Signature: X6vNdGNAPYzbkYjgoOtde4O+D20=
2017-04-04 20:24:51,643 - requests_oauthlib.oauth1_auth - DEBUG - Updated url: https://stream.twitter.com/1.1/statuses/filter.json?delimited=length
2017-04-04 20:24:51,643 - requests_oauthlib.oauth1_auth - DEBUG - Updated headers: {u'Content-Length': u'89', u'Content-Type': u'application/x-www-form-urlencoded', u'Authorization': u'OAuth oauth_nonce="130041707982126776301491337491", oauth_timestamp="1491337491", oauth_version="1.0", oauth_signature_method="HMAC-SHA1", oauth_consumer_key="9AgE4wWA6W7c2cubVeudk5vw0", oauth_token="842028477192658944-8ZR2O9LCUVuQSWBlmp03zxa4C6YjG16", oauth_signature="X6vNdGNAPYzbkYjgoOtde4O%2BD20%3D"'}
2017-04-04 20:24:51,643 - requests_oauthlib.oauth1_auth - DEBUG - Updated body: u'track=Trump%2Ctrump%2CClinton%2Cclinton%2Cdonald%2CDonald%2CHillary%2Chillary&language=en'
2017-04-04 20:24:51,643 - requests.packages.urllib3.connectionpool - INFO - Starting new HTTPS connection (2): stream.twitter.com
2017-04-04 20:24:51,765 - requests.packages.urllib3.connectionpool - DEBUG - "POST /1.1/statuses/filter.json?delimited=length HTTP/1.1" 420 36
2017-04-04 20:26:51,853 - requests_oauthlib.oauth1_auth - DEBUG - Signing request <PreparedRequest [POST]> using client <Client nonce=None, signature_method=HMAC-SHA1, realm=None, encoding=utf-8, timestamp=None, resource_owner_secret=****, decoding=None, verifier=None, signature_type=AUTH_HEADER, rsa_key=None, resource_owner_key=842028477192658944-8ZR2O9LCUVuQSWBlmp03zxa4C6YjG16, client_secret=****, callback_uri=None, client_key=9AgE4wWA6W7c2cubVeudk5vw0>
2017-04-04 20:26:51,853 - requests_oauthlib.oauth1_auth - DEBUG - Including body in call to sign: True
2017-04-04 20:26:51,854 - oauthlib.oauth1.rfc5849 - DEBUG - Collected params: [(u'delimited', u'length'), (u'oauth_nonce', u'152130115934866444241491337611'), (u'oauth_timestamp', u'1491337611'), (u'oauth_consumer_key', u'9AgE4wWA6W7c2cubVeudk5vw0'), (u'oauth_signature_method', u'HMAC-SHA1'), (u'oauth_version', u'1.0'), (u'oauth_token', u'842028477192658944-8ZR2O9LCUVuQSWBlmp03zxa4C6YjG16'), (u'track', u'Trump,trump,Clinton,clinton,donald,Donald,Hillary,hillary'), (u'language', u'en')]
2017-04-04 20:26:51,854 - oauthlib.oauth1.rfc5849 - DEBUG - Normalized params: delimited=length&language=en&oauth_consumer_key=9AgE4wWA6W7c2cubVeudk5vw0&oauth_nonce=152130115934866444241491337611&oauth_signature_method=HMAC-SHA1&oauth_timestamp=1491337611&oauth_token=842028477192658944-8ZR2O9LCUVuQSWBlmp03zxa4C6YjG16&oauth_version=1.0&track=Trump%2Ctrump%2CClinton%2Cclinton%2Cdonald%2CDonald%2CHillary%2Chillary
2017-04-04 20:26:51,854 - oauthlib.oauth1.rfc5849 - DEBUG - Normalized URI: https://stream.twitter.com/1.1/statuses/filter.json
2017-04-04 20:26:51,855 - oauthlib.oauth1.rfc5849 - DEBUG - Base signing string: POST&https%3A%2F%2Fstream.twitter.com%2F1.1%2Fstatuses%2Ffilter.json&delimited%3Dlength%26language%3Den%26oauth_consumer_key%3D9AgE4wWA6W7c2cubVeudk5vw0%26oauth_nonce%3D152130115934866444241491337611%26oauth_signature_method%3DHMAC-SHA1%26oauth_timestamp%3D1491337611%26oauth_token%3D842028477192658944-8ZR2O9LCUVuQSWBlmp03zxa4C6YjG16%26oauth_version%3D1.0%26track%3DTrump%252Ctrump%252CClinton%252Cclinton%252Cdonald%252CDonald%252CHillary%252Chillary
2017-04-04 20:26:51,855 - oauthlib.oauth1.rfc5849 - DEBUG - Signature: WAYNN5Qf2JZdV4DCnmgR8ZJOfU0=
2017-04-04 20:26:51,855 - requests_oauthlib.oauth1_auth - DEBUG - Updated url: https://stream.twitter.com/1.1/statuses/filter.json?delimited=length
2017-04-04 20:26:51,855 - requests_oauthlib.oauth1_auth - DEBUG - Updated headers: {u'Content-Length': u'89', u'Content-Type': u'application/x-www-form-urlencoded', u'Authorization': u'OAuth oauth_nonce="152130115934866444241491337611", oauth_timestamp="1491337611", oauth_version="1.0", oauth_signature_method="HMAC-SHA1", oauth_consumer_key="9AgE4wWA6W7c2cubVeudk5vw0", oauth_token="842028477192658944-8ZR2O9LCUVuQSWBlmp03zxa4C6YjG16", oauth_signature="WAYNN5Qf2JZdV4DCnmgR8ZJOfU0%3D"'}
2017-04-04 20:26:51,855 - requests_oauthlib.oauth1_auth - DEBUG - Updated body: u'track=Trump%2Ctrump%2CClinton%2Cclinton%2Cdonald%2CDonald%2CHillary%2Chillary&language=en'
2017-04-04 20:26:51,856 - requests.packages.urllib3.connectionpool - INFO - Starting new HTTPS connection (3): stream.twitter.com
2017-04-04 20:26:51,971 - requests.packages.urllib3.connectionpool - DEBUG - "POST /1.1/statuses/filter.json?delimited=length HTTP/1.1" 420 36
2017-04-04 20:30:52,074 - requests_oauthlib.oauth1_auth - DEBUG - Signing request <PreparedRequest [POST]> using client <Client nonce=None, signature_method=HMAC-SHA1, realm=None, encoding=utf-8, timestamp=None, resource_owner_secret=****, decoding=None, verifier=None, signature_type=AUTH_HEADER, rsa_key=None, resource_owner_key=842028477192658944-8ZR2O9LCUVuQSWBlmp03zxa4C6YjG16, client_secret=****, callback_uri=None, client_key=9AgE4wWA6W7c2cubVeudk5vw0>
2017-04-04 20:30:52,074 - requests_oauthlib.oauth1_auth - DEBUG - Including body in call to sign: True
2017-04-04 20:30:52,075 - oauthlib.oauth1.rfc5849 - DEBUG - Collected params: [(u'delimited', u'length'), (u'oauth_nonce', u'107370188867435062281491337852'), (u'oauth_timestamp', u'1491337852'), (u'oauth_consumer_key', u'9AgE4wWA6W7c2cubVeudk5vw0'), (u'oauth_signature_method', u'HMAC-SHA1'), (u'oauth_version', u'1.0'), (u'oauth_token', u'842028477192658944-8ZR2O9LCUVuQSWBlmp03zxa4C6YjG16'), (u'track', u'Trump,trump,Clinton,clinton,donald,Donald,Hillary,hillary'), (u'language', u'en')]
2017-04-04 20:30:52,075 - oauthlib.oauth1.rfc5849 - DEBUG - Normalized params: delimited=length&language=en&oauth_consumer_key=9AgE4wWA6W7c2cubVeudk5vw0&oauth_nonce=107370188867435062281491337852&oauth_signature_method=HMAC-SHA1&oauth_timestamp=1491337852&oauth_token=842028477192658944-8ZR2O9LCUVuQSWBlmp03zxa4C6YjG16&oauth_version=1.0&track=Trump%2Ctrump%2CClinton%2Cclinton%2Cdonald%2CDonald%2CHillary%2Chillary
2017-04-04 20:30:52,075 - oauthlib.oauth1.rfc5849 - DEBUG - Normalized URI: https://stream.twitter.com/1.1/statuses/filter.json
2017-04-04 20:30:52,076 - oauthlib.oauth1.rfc5849 - DEBUG - Base signing string: POST&https%3A%2F%2Fstream.twitter.com%2F1.1%2Fstatuses%2Ffilter.json&delimited%3Dlength%26language%3Den%26oauth_consumer_key%3D9AgE4wWA6W7c2cubVeudk5vw0%26oauth_nonce%3D107370188867435062281491337852%26oauth_signature_method%3DHMAC-SHA1%26oauth_timestamp%3D1491337852%26oauth_token%3D842028477192658944-8ZR2O9LCUVuQSWBlmp03zxa4C6YjG16%26oauth_version%3D1.0%26track%3DTrump%252Ctrump%252CClinton%252Cclinton%252Cdonald%252CDonald%252CHillary%252Chillary
2017-04-04 20:30:52,076 - oauthlib.oauth1.rfc5849 - DEBUG - Signature: FLmjPagbrCCKYoEYSP6o4bXw/YE=
2017-04-04 20:30:52,076 - requests_oauthlib.oauth1_auth - DEBUG - Updated url: https://stream.twitter.com/1.1/statuses/filter.json?delimited=length
2017-04-04 20:30:52,076 - requests_oauthlib.oauth1_auth - DEBUG - Updated headers: {u'Content-Length': u'89', u'Content-Type': u'application/x-www-form-urlencoded', u'Authorization': u'OAuth oauth_nonce="107370188867435062281491337852", oauth_timestamp="1491337852", oauth_version="1.0", oauth_signature_method="HMAC-SHA1", oauth_consumer_key="9AgE4wWA6W7c2cubVeudk5vw0", oauth_token="842028477192658944-8ZR2O9LCUVuQSWBlmp03zxa4C6YjG16", oauth_signature="FLmjPagbrCCKYoEYSP6o4bXw%2FYE%3D"'}
2017-04-04 20:30:52,076 - requests_oauthlib.oauth1_auth - DEBUG - Updated body: u'track=Trump%2Ctrump%2CClinton%2Cclinton%2Cdonald%2CDonald%2CHillary%2Chillary&language=en'
2017-04-04 20:30:52,077 - requests.packages.urllib3.connectionpool - INFO - Starting new HTTPS connection (4): stream.twitter.com
2017-04-04 20:30:52,201 - requests.packages.urllib3.connectionpool - DEBUG - "POST /1.1/statuses/filter.json?delimited=length HTTP/1.1" 420 36
