2017-03-31 14:06:42,039 - requests_oauthlib.oauth1_auth - DEBUG - Signing request <PreparedRequest [POST]> using client <Client nonce=None, signature_method=HMAC-SHA1, realm=None, encoding=utf-8, timestamp=None, resource_owner_secret=****, decoding=None, verifier=None, signature_type=AUTH_HEADER, rsa_key=None, resource_owner_key=842028477192658944-8ZR2O9LCUVuQSWBlmp03zxa4C6YjG16, client_secret=****, callback_uri=None, client_key=9AgE4wWA6W7c2cubVeudk5vw0>
2017-03-31 14:06:42,040 - requests_oauthlib.oauth1_auth - DEBUG - Including body in call to sign: True
2017-03-31 14:06:42,041 - oauthlib.oauth1.rfc5849 - DEBUG - Collected params: [(u'delimited', u'length'), (u'oauth_nonce', u'143739192635699476841490969202'), (u'oauth_timestamp', u'1490969202'), (u'oauth_consumer_key', u'9AgE4wWA6W7c2cubVeudk5vw0'), (u'oauth_signature_method', u'HMAC-SHA1'), (u'oauth_version', u'1.0'), (u'oauth_token', u'842028477192658944-8ZR2O9LCUVuQSWBlmp03zxa4C6YjG16'), (u'track', u'a,the,i,you,u'), (u'language', u'en')]
2017-03-31 14:06:42,042 - oauthlib.oauth1.rfc5849 - DEBUG - Normalized params: delimited=length&language=en&oauth_consumer_key=9AgE4wWA6W7c2cubVeudk5vw0&oauth_nonce=143739192635699476841490969202&oauth_signature_method=HMAC-SHA1&oauth_timestamp=1490969202&oauth_token=842028477192658944-8ZR2O9LCUVuQSWBlmp03zxa4C6YjG16&oauth_version=1.0&track=a%2Cthe%2Ci%2Cyou%2Cu
2017-03-31 14:06:42,042 - oauthlib.oauth1.rfc5849 - DEBUG - Normalized URI: https://stream.twitter.com/1.1/statuses/filter.json
2017-03-31 14:06:42,042 - oauthlib.oauth1.rfc5849 - DEBUG - Base signing string: POST&https%3A%2F%2Fstream.twitter.com%2F1.1%2Fstatuses%2Ffilter.json&delimited%3Dlength%26language%3Den%26oauth_consumer_key%3D9AgE4wWA6W7c2cubVeudk5vw0%26oauth_nonce%3D143739192635699476841490969202%26oauth_signature_method%3DHMAC-SHA1%26oauth_timestamp%3D1490969202%26oauth_token%3D842028477192658944-8ZR2O9LCUVuQSWBlmp03zxa4C6YjG16%26oauth_version%3D1.0%26track%3Da%252Cthe%252Ci%252Cyou%252Cu
2017-03-31 14:06:42,042 - oauthlib.oauth1.rfc5849 - DEBUG - Signature: GuUa7d1OSLUoH7KAWfRuKpbaBEU=
2017-03-31 14:06:42,043 - requests_oauthlib.oauth1_auth - DEBUG - Updated url: https://stream.twitter.com/1.1/statuses/filter.json?delimited=length
2017-03-31 14:06:42,043 - requests_oauthlib.oauth1_auth - DEBUG - Updated headers: {u'Content-Length': u'39', u'Content-Type': u'application/x-www-form-urlencoded', u'Authorization': u'OAuth oauth_nonce="143739192635699476841490969202", oauth_timestamp="1490969202", oauth_version="1.0", oauth_signature_method="HMAC-SHA1", oauth_consumer_key="9AgE4wWA6W7c2cubVeudk5vw0", oauth_token="842028477192658944-8ZR2O9LCUVuQSWBlmp03zxa4C6YjG16", oauth_signature="GuUa7d1OSLUoH7KAWfRuKpbaBEU%3D"'}
2017-03-31 14:06:42,043 - requests_oauthlib.oauth1_auth - DEBUG - Updated body: u'track=a%2Cthe%2Ci%2Cyou%2Cu&language=en'
2017-03-31 14:06:42,045 - requests.packages.urllib3.connectionpool - INFO - Starting new HTTPS connection (1): stream.twitter.com
2017-03-31 14:06:42,178 - requests.packages.urllib3.connectionpool - DEBUG - "POST /1.1/statuses/filter.json?delimited=length HTTP/1.1" 420 36
2017-03-31 14:07:42,222 - requests_oauthlib.oauth1_auth - DEBUG - Signing request <PreparedRequest [POST]> using client <Client nonce=None, signature_method=HMAC-SHA1, realm=None, encoding=utf-8, timestamp=None, resource_owner_secret=****, decoding=None, verifier=None, signature_type=AUTH_HEADER, rsa_key=None, resource_owner_key=842028477192658944-8ZR2O9LCUVuQSWBlmp03zxa4C6YjG16, client_secret=****, callback_uri=None, client_key=9AgE4wWA6W7c2cubVeudk5vw0>
2017-03-31 14:07:42,222 - requests_oauthlib.oauth1_auth - DEBUG - Including body in call to sign: True
2017-03-31 14:07:42,223 - oauthlib.oauth1.rfc5849 - DEBUG - Collected params: [(u'delimited', u'length'), (u'oauth_nonce', u'22736565549273072801490969262'), (u'oauth_timestamp', u'1490969262'), (u'oauth_consumer_key', u'9AgE4wWA6W7c2cubVeudk5vw0'), (u'oauth_signature_method', u'HMAC-SHA1'), (u'oauth_version', u'1.0'), (u'oauth_token', u'842028477192658944-8ZR2O9LCUVuQSWBlmp03zxa4C6YjG16'), (u'track', u'a,the,i,you,u'), (u'language', u'en')]
2017-03-31 14:07:42,223 - oauthlib.oauth1.rfc5849 - DEBUG - Normalized params: delimited=length&language=en&oauth_consumer_key=9AgE4wWA6W7c2cubVeudk5vw0&oauth_nonce=22736565549273072801490969262&oauth_signature_method=HMAC-SHA1&oauth_timestamp=1490969262&oauth_token=842028477192658944-8ZR2O9LCUVuQSWBlmp03zxa4C6YjG16&oauth_version=1.0&track=a%2Cthe%2Ci%2Cyou%2Cu
2017-03-31 14:07:42,223 - oauthlib.oauth1.rfc5849 - DEBUG - Normalized URI: https://stream.twitter.com/1.1/statuses/filter.json
2017-03-31 14:07:42,223 - oauthlib.oauth1.rfc5849 - DEBUG - Base signing string: POST&https%3A%2F%2Fstream.twitter.com%2F1.1%2Fstatuses%2Ffilter.json&delimited%3Dlength%26language%3Den%26oauth_consumer_key%3D9AgE4wWA6W7c2cubVeudk5vw0%26oauth_nonce%3D22736565549273072801490969262%26oauth_signature_method%3DHMAC-SHA1%26oauth_timestamp%3D1490969262%26oauth_token%3D842028477192658944-8ZR2O9LCUVuQSWBlmp03zxa4C6YjG16%26oauth_version%3D1.0%26track%3Da%252Cthe%252Ci%252Cyou%252Cu
2017-03-31 14:07:42,224 - oauthlib.oauth1.rfc5849 - DEBUG - Signature: xOL2sPvdMaY4BNkqsMb6UgEjyuU=
2017-03-31 14:07:42,224 - requests_oauthlib.oauth1_auth - DEBUG - Updated url: https://stream.twitter.com/1.1/statuses/filter.json?delimited=length
2017-03-31 14:07:42,224 - requests_oauthlib.oauth1_auth - DEBUG - Updated headers: {u'Content-Length': u'39', u'Content-Type': u'application/x-www-form-urlencoded', u'Authorization': u'OAuth oauth_nonce="22736565549273072801490969262", oauth_timestamp="1490969262", oauth_version="1.0", oauth_signature_method="HMAC-SHA1", oauth_consumer_key="9AgE4wWA6W7c2cubVeudk5vw0", oauth_token="842028477192658944-8ZR2O9LCUVuQSWBlmp03zxa4C6YjG16", oauth_signature="xOL2sPvdMaY4BNkqsMb6UgEjyuU%3D"'}
2017-03-31 14:07:42,224 - requests_oauthlib.oauth1_auth - DEBUG - Updated body: u'track=a%2Cthe%2Ci%2Cyou%2Cu&language=en'
2017-03-31 14:07:42,225 - requests.packages.urllib3.connectionpool - INFO - Starting new HTTPS connection (2): stream.twitter.com
2017-03-31 14:07:42,544 - requests.packages.urllib3.connectionpool - DEBUG - "POST /1.1/statuses/filter.json?delimited=length HTTP/1.1" 200 None
