2017-03-31 23:30:27,920 - requests_oauthlib.oauth1_auth - DEBUG - Signing request <PreparedRequest [POST]> using client <Client nonce=None, signature_method=HMAC-SHA1, realm=None, encoding=utf-8, timestamp=None, resource_owner_secret=****, decoding=None, verifier=None, signature_type=AUTH_HEADER, rsa_key=None, resource_owner_key=842028477192658944-8ZR2O9LCUVuQSWBlmp03zxa4C6YjG16, client_secret=****, callback_uri=None, client_key=9AgE4wWA6W7c2cubVeudk5vw0>
2017-03-31 23:30:27,920 - requests_oauthlib.oauth1_auth - DEBUG - Including body in call to sign: True
2017-03-31 23:30:27,927 - oauthlib.oauth1.rfc5849 - DEBUG - Collected params: [(u'delimited', u'length'), (u'oauth_nonce', u'83972524332185735251491003027'), (u'oauth_timestamp', u'1491003027'), (u'oauth_consumer_key', u'9AgE4wWA6W7c2cubVeudk5vw0'), (u'oauth_signature_method', u'HMAC-SHA1'), (u'oauth_version', u'1.0'), (u'oauth_token', u'842028477192658944-8ZR2O9LCUVuQSWBlmp03zxa4C6YjG16'), (u'track', u'Trump,trump,Clinton,clinton,donald,Donald,Hillary,hillary'), (u'language', u'en')]
2017-03-31 23:30:27,928 - oauthlib.oauth1.rfc5849 - DEBUG - Normalized params: delimited=length&language=en&oauth_consumer_key=9AgE4wWA6W7c2cubVeudk5vw0&oauth_nonce=83972524332185735251491003027&oauth_signature_method=HMAC-SHA1&oauth_timestamp=1491003027&oauth_token=842028477192658944-8ZR2O9LCUVuQSWBlmp03zxa4C6YjG16&oauth_version=1.0&track=Trump%2Ctrump%2CClinton%2Cclinton%2Cdonald%2CDonald%2CHillary%2Chillary
2017-03-31 23:30:27,928 - oauthlib.oauth1.rfc5849 - DEBUG - Normalized URI: https://stream.twitter.com/1.1/statuses/filter.json
2017-03-31 23:30:27,928 - oauthlib.oauth1.rfc5849 - DEBUG - Base signing string: POST&https%3A%2F%2Fstream.twitter.com%2F1.1%2Fstatuses%2Ffilter.json&delimited%3Dlength%26language%3Den%26oauth_consumer_key%3D9AgE4wWA6W7c2cubVeudk5vw0%26oauth_nonce%3D83972524332185735251491003027%26oauth_signature_method%3DHMAC-SHA1%26oauth_timestamp%3D1491003027%26oauth_token%3D842028477192658944-8ZR2O9LCUVuQSWBlmp03zxa4C6YjG16%26oauth_version%3D1.0%26track%3DTrump%252Ctrump%252CClinton%252Cclinton%252Cdonald%252CDonald%252CHillary%252Chillary
2017-03-31 23:30:27,929 - oauthlib.oauth1.rfc5849 - DEBUG - Signature: /WOXxl+7XIOqWtOLrNuYZ2jMyKw=
2017-03-31 23:30:27,929 - requests_oauthlib.oauth1_auth - DEBUG - Updated url: https://stream.twitter.com/1.1/statuses/filter.json?delimited=length
2017-03-31 23:30:27,929 - requests_oauthlib.oauth1_auth - DEBUG - Updated headers: {u'Content-Length': u'89', u'Content-Type': u'application/x-www-form-urlencoded', u'Authorization': u'OAuth oauth_nonce="83972524332185735251491003027", oauth_timestamp="1491003027", oauth_version="1.0", oauth_signature_method="HMAC-SHA1", oauth_consumer_key="9AgE4wWA6W7c2cubVeudk5vw0", oauth_token="842028477192658944-8ZR2O9LCUVuQSWBlmp03zxa4C6YjG16", oauth_signature="%2FWOXxl%2B7XIOqWtOLrNuYZ2jMyKw%3D"'}
2017-03-31 23:30:27,930 - requests_oauthlib.oauth1_auth - DEBUG - Updated body: u'track=Trump%2Ctrump%2CClinton%2Cclinton%2Cdonald%2CDonald%2CHillary%2Chillary&language=en'
2017-03-31 23:30:27,931 - requests.packages.urllib3.connectionpool - INFO - Starting new HTTPS connection (1): stream.twitter.com
2017-03-31 23:30:28,051 - requests.packages.urllib3.connectionpool - DEBUG - "POST /1.1/statuses/filter.json?delimited=length HTTP/1.1" 420 36
2017-03-31 23:31:28,113 - requests_oauthlib.oauth1_auth - DEBUG - Signing request <PreparedRequest [POST]> using client <Client nonce=None, signature_method=HMAC-SHA1, realm=None, encoding=utf-8, timestamp=None, resource_owner_secret=****, decoding=None, verifier=None, signature_type=AUTH_HEADER, rsa_key=None, resource_owner_key=842028477192658944-8ZR2O9LCUVuQSWBlmp03zxa4C6YjG16, client_secret=****, callback_uri=None, client_key=9AgE4wWA6W7c2cubVeudk5vw0>
2017-03-31 23:31:28,114 - requests_oauthlib.oauth1_auth - DEBUG - Including body in call to sign: True
2017-03-31 23:31:28,115 - oauthlib.oauth1.rfc5849 - DEBUG - Collected params: [(u'delimited', u'length'), (u'oauth_nonce', u'166520015249719459111491003088'), (u'oauth_timestamp', u'1491003088'), (u'oauth_consumer_key', u'9AgE4wWA6W7c2cubVeudk5vw0'), (u'oauth_signature_method', u'HMAC-SHA1'), (u'oauth_version', u'1.0'), (u'oauth_token', u'842028477192658944-8ZR2O9LCUVuQSWBlmp03zxa4C6YjG16'), (u'track', u'Trump,trump,Clinton,clinton,donald,Donald,Hillary,hillary'), (u'language', u'en')]
2017-03-31 23:31:28,115 - oauthlib.oauth1.rfc5849 - DEBUG - Normalized params: delimited=length&language=en&oauth_consumer_key=9AgE4wWA6W7c2cubVeudk5vw0&oauth_nonce=166520015249719459111491003088&oauth_signature_method=HMAC-SHA1&oauth_timestamp=1491003088&oauth_token=842028477192658944-8ZR2O9LCUVuQSWBlmp03zxa4C6YjG16&oauth_version=1.0&track=Trump%2Ctrump%2CClinton%2Cclinton%2Cdonald%2CDonald%2CHillary%2Chillary
2017-03-31 23:31:28,116 - oauthlib.oauth1.rfc5849 - DEBUG - Normalized URI: https://stream.twitter.com/1.1/statuses/filter.json
2017-03-31 23:31:28,116 - oauthlib.oauth1.rfc5849 - DEBUG - Base signing string: POST&https%3A%2F%2Fstream.twitter.com%2F1.1%2Fstatuses%2Ffilter.json&delimited%3Dlength%26language%3Den%26oauth_consumer_key%3D9AgE4wWA6W7c2cubVeudk5vw0%26oauth_nonce%3D166520015249719459111491003088%26oauth_signature_method%3DHMAC-SHA1%26oauth_timestamp%3D1491003088%26oauth_token%3D842028477192658944-8ZR2O9LCUVuQSWBlmp03zxa4C6YjG16%26oauth_version%3D1.0%26track%3DTrump%252Ctrump%252CClinton%252Cclinton%252Cdonald%252CDonald%252CHillary%252Chillary
2017-03-31 23:31:28,116 - oauthlib.oauth1.rfc5849 - DEBUG - Signature: 8OCOf+XbZ97gf6tMF5DvlfAo8C4=
2017-03-31 23:31:28,117 - requests_oauthlib.oauth1_auth - DEBUG - Updated url: https://stream.twitter.com/1.1/statuses/filter.json?delimited=length
2017-03-31 23:31:28,117 - requests_oauthlib.oauth1_auth - DEBUG - Updated headers: {u'Content-Length': u'89', u'Content-Type': u'application/x-www-form-urlencoded', u'Authorization': u'OAuth oauth_nonce="166520015249719459111491003088", oauth_timestamp="1491003088", oauth_version="1.0", oauth_signature_method="HMAC-SHA1", oauth_consumer_key="9AgE4wWA6W7c2cubVeudk5vw0", oauth_token="842028477192658944-8ZR2O9LCUVuQSWBlmp03zxa4C6YjG16", oauth_signature="8OCOf%2BXbZ97gf6tMF5DvlfAo8C4%3D"'}
2017-03-31 23:31:28,117 - requests_oauthlib.oauth1_auth - DEBUG - Updated body: u'track=Trump%2Ctrump%2CClinton%2Cclinton%2Cdonald%2CDonald%2CHillary%2Chillary&language=en'
2017-03-31 23:31:28,117 - requests.packages.urllib3.connectionpool - INFO - Starting new HTTPS connection (2): stream.twitter.com
2017-03-31 23:31:28,438 - requests.packages.urllib3.connectionpool - DEBUG - "POST /1.1/statuses/filter.json?delimited=length HTTP/1.1" 200 None
