2017-03-29 15:35:33,987 - requests_oauthlib.oauth1_auth - DEBUG - Signing request <PreparedRequest [POST]> using client <Client nonce=None, signature_method=HMAC-SHA1, realm=None, encoding=utf-8, timestamp=None, resource_owner_secret=****, decoding=None, verifier=None, signature_type=AUTH_HEADER, rsa_key=None, resource_owner_key=842028477192658944-8ZR2O9LCUVuQSWBlmp03zxa4C6YjG16, client_secret=****, callback_uri=None, client_key=9AgE4wWA6W7c2cubVeudk5vw0>
2017-03-29 15:35:33,988 - requests_oauthlib.oauth1_auth - DEBUG - Including body in call to sign: True
2017-03-29 15:35:33,989 - oauthlib.oauth1.rfc5849 - DEBUG - Collected params: [(u'delimited', u'length'), (u'oauth_nonce', u'139881234780326616871490801733'), (u'oauth_timestamp', u'1490801733'), (u'oauth_consumer_key', u'9AgE4wWA6W7c2cubVeudk5vw0'), (u'oauth_signature_method', u'HMAC-SHA1'), (u'oauth_version', u'1.0'), (u'oauth_token', u'842028477192658944-8ZR2O9LCUVuQSWBlmp03zxa4C6YjG16'), (u'track', u'a,the,i,you,u'), (u'language', u'en')]
2017-03-29 15:35:33,989 - oauthlib.oauth1.rfc5849 - DEBUG - Normalized params: delimited=length&language=en&oauth_consumer_key=9AgE4wWA6W7c2cubVeudk5vw0&oauth_nonce=139881234780326616871490801733&oauth_signature_method=HMAC-SHA1&oauth_timestamp=1490801733&oauth_token=842028477192658944-8ZR2O9LCUVuQSWBlmp03zxa4C6YjG16&oauth_version=1.0&track=a%2Cthe%2Ci%2Cyou%2Cu
2017-03-29 15:35:33,989 - oauthlib.oauth1.rfc5849 - DEBUG - Normalized URI: https://stream.twitter.com/1.1/statuses/filter.json
2017-03-29 15:35:33,990 - oauthlib.oauth1.rfc5849 - DEBUG - Base signing string: POST&https%3A%2F%2Fstream.twitter.com%2F1.1%2Fstatuses%2Ffilter.json&delimited%3Dlength%26language%3Den%26oauth_consumer_key%3D9AgE4wWA6W7c2cubVeudk5vw0%26oauth_nonce%3D139881234780326616871490801733%26oauth_signature_method%3DHMAC-SHA1%26oauth_timestamp%3D1490801733%26oauth_token%3D842028477192658944-8ZR2O9LCUVuQSWBlmp03zxa4C6YjG16%26oauth_version%3D1.0%26track%3Da%252Cthe%252Ci%252Cyou%252Cu
2017-03-29 15:35:33,990 - oauthlib.oauth1.rfc5849 - DEBUG - Signature: nTn2s80NLV2CS58G6/Lx59eceSQ=
2017-03-29 15:35:33,990 - requests_oauthlib.oauth1_auth - DEBUG - Updated url: https://stream.twitter.com/1.1/statuses/filter.json?delimited=length
2017-03-29 15:35:33,991 - requests_oauthlib.oauth1_auth - DEBUG - Updated headers: {u'Content-Length': u'39', u'Content-Type': u'application/x-www-form-urlencoded', u'Authorization': u'OAuth oauth_nonce="139881234780326616871490801733", oauth_timestamp="1490801733", oauth_version="1.0", oauth_signature_method="HMAC-SHA1", oauth_consumer_key="9AgE4wWA6W7c2cubVeudk5vw0", oauth_token="842028477192658944-8ZR2O9LCUVuQSWBlmp03zxa4C6YjG16", oauth_signature="nTn2s80NLV2CS58G6%2FLx59eceSQ%3D"'}
2017-03-29 15:35:33,991 - requests_oauthlib.oauth1_auth - DEBUG - Updated body: u'track=a%2Cthe%2Ci%2Cyou%2Cu&language=en'
2017-03-29 15:35:33,992 - requests.packages.urllib3.connectionpool - INFO - Starting new HTTPS connection (1): stream.twitter.com
2017-03-29 15:35:34,129 - requests.packages.urllib3.connectionpool - DEBUG - "POST /1.1/statuses/filter.json?delimited=length HTTP/1.1" 420 36
2017-03-29 15:36:34,185 - requests_oauthlib.oauth1_auth - DEBUG - Signing request <PreparedRequest [POST]> using client <Client nonce=None, signature_method=HMAC-SHA1, realm=None, encoding=utf-8, timestamp=None, resource_owner_secret=****, decoding=None, verifier=None, signature_type=AUTH_HEADER, rsa_key=None, resource_owner_key=842028477192658944-8ZR2O9LCUVuQSWBlmp03zxa4C6YjG16, client_secret=****, callback_uri=None, client_key=9AgE4wWA6W7c2cubVeudk5vw0>
2017-03-29 15:36:34,185 - requests_oauthlib.oauth1_auth - DEBUG - Including body in call to sign: True
2017-03-29 15:36:34,186 - oauthlib.oauth1.rfc5849 - DEBUG - Collected params: [(u'delimited', u'length'), (u'oauth_nonce', u'88024963890930425581490801794'), (u'oauth_timestamp', u'1490801794'), (u'oauth_consumer_key', u'9AgE4wWA6W7c2cubVeudk5vw0'), (u'oauth_signature_method', u'HMAC-SHA1'), (u'oauth_version', u'1.0'), (u'oauth_token', u'842028477192658944-8ZR2O9LCUVuQSWBlmp03zxa4C6YjG16'), (u'track', u'a,the,i,you,u'), (u'language', u'en')]
2017-03-29 15:36:34,187 - oauthlib.oauth1.rfc5849 - DEBUG - Normalized params: delimited=length&language=en&oauth_consumer_key=9AgE4wWA6W7c2cubVeudk5vw0&oauth_nonce=88024963890930425581490801794&oauth_signature_method=HMAC-SHA1&oauth_timestamp=1490801794&oauth_token=842028477192658944-8ZR2O9LCUVuQSWBlmp03zxa4C6YjG16&oauth_version=1.0&track=a%2Cthe%2Ci%2Cyou%2Cu
2017-03-29 15:36:34,187 - oauthlib.oauth1.rfc5849 - DEBUG - Normalized URI: https://stream.twitter.com/1.1/statuses/filter.json
2017-03-29 15:36:34,187 - oauthlib.oauth1.rfc5849 - DEBUG - Base signing string: POST&https%3A%2F%2Fstream.twitter.com%2F1.1%2Fstatuses%2Ffilter.json&delimited%3Dlength%26language%3Den%26oauth_consumer_key%3D9AgE4wWA6W7c2cubVeudk5vw0%26oauth_nonce%3D88024963890930425581490801794%26oauth_signature_method%3DHMAC-SHA1%26oauth_timestamp%3D1490801794%26oauth_token%3D842028477192658944-8ZR2O9LCUVuQSWBlmp03zxa4C6YjG16%26oauth_version%3D1.0%26track%3Da%252Cthe%252Ci%252Cyou%252Cu
2017-03-29 15:36:34,187 - oauthlib.oauth1.rfc5849 - DEBUG - Signature: zu/EKB/B/Qc9SsSAP740K2Rf4K0=
2017-03-29 15:36:34,187 - requests_oauthlib.oauth1_auth - DEBUG - Updated url: https://stream.twitter.com/1.1/statuses/filter.json?delimited=length
2017-03-29 15:36:34,187 - requests_oauthlib.oauth1_auth - DEBUG - Updated headers: {u'Content-Length': u'39', u'Content-Type': u'application/x-www-form-urlencoded', u'Authorization': u'OAuth oauth_nonce="88024963890930425581490801794", oauth_timestamp="1490801794", oauth_version="1.0", oauth_signature_method="HMAC-SHA1", oauth_consumer_key="9AgE4wWA6W7c2cubVeudk5vw0", oauth_token="842028477192658944-8ZR2O9LCUVuQSWBlmp03zxa4C6YjG16", oauth_signature="zu%2FEKB%2FB%2FQc9SsSAP740K2Rf4K0%3D"'}
2017-03-29 15:36:34,188 - requests_oauthlib.oauth1_auth - DEBUG - Updated body: u'track=a%2Cthe%2Ci%2Cyou%2Cu&language=en'
2017-03-29 15:36:34,188 - requests.packages.urllib3.connectionpool - INFO - Starting new HTTPS connection (2): stream.twitter.com
2017-03-29 15:36:34,283 - requests.packages.urllib3.connectionpool - DEBUG - "POST /1.1/statuses/filter.json?delimited=length HTTP/1.1" 420 36
