2017-03-29 15:10:00,892 - requests_oauthlib.oauth1_auth - DEBUG - Signing request <PreparedRequest [POST]> using client <Client nonce=None, signature_method=HMAC-SHA1, realm=None, encoding=utf-8, timestamp=None, resource_owner_secret=****, decoding=None, verifier=None, signature_type=AUTH_HEADER, rsa_key=None, resource_owner_key=842028477192658944-8ZR2O9LCUVuQSWBlmp03zxa4C6YjG16, client_secret=****, callback_uri=None, client_key=9AgE4wWA6W7c2cubVeudk5vw0>
2017-03-29 15:10:00,892 - requests_oauthlib.oauth1_auth - DEBUG - Including body in call to sign: True
2017-03-29 15:10:00,895 - oauthlib.oauth1.rfc5849 - DEBUG - Collected params: [(u'delimited', u'length'), (u'oauth_nonce', u'152709081354123470081490800200'), (u'oauth_timestamp', u'1490800200'), (u'oauth_consumer_key', u'9AgE4wWA6W7c2cubVeudk5vw0'), (u'oauth_signature_method', u'HMAC-SHA1'), (u'oauth_version', u'1.0'), (u'oauth_token', u'842028477192658944-8ZR2O9LCUVuQSWBlmp03zxa4C6YjG16'), (u'track', u'a,the,i,you,u'), (u'language', u'en')]
2017-03-29 15:10:00,896 - oauthlib.oauth1.rfc5849 - DEBUG - Normalized params: delimited=length&language=en&oauth_consumer_key=9AgE4wWA6W7c2cubVeudk5vw0&oauth_nonce=152709081354123470081490800200&oauth_signature_method=HMAC-SHA1&oauth_timestamp=1490800200&oauth_token=842028477192658944-8ZR2O9LCUVuQSWBlmp03zxa4C6YjG16&oauth_version=1.0&track=a%2Cthe%2Ci%2Cyou%2Cu
2017-03-29 15:10:00,896 - oauthlib.oauth1.rfc5849 - DEBUG - Normalized URI: https://stream.twitter.com/1.1/statuses/filter.json
2017-03-29 15:10:00,896 - oauthlib.oauth1.rfc5849 - DEBUG - Base signing string: POST&https%3A%2F%2Fstream.twitter.com%2F1.1%2Fstatuses%2Ffilter.json&delimited%3Dlength%26language%3Den%26oauth_consumer_key%3D9AgE4wWA6W7c2cubVeudk5vw0%26oauth_nonce%3D152709081354123470081490800200%26oauth_signature_method%3DHMAC-SHA1%26oauth_timestamp%3D1490800200%26oauth_token%3D842028477192658944-8ZR2O9LCUVuQSWBlmp03zxa4C6YjG16%26oauth_version%3D1.0%26track%3Da%252Cthe%252Ci%252Cyou%252Cu
2017-03-29 15:10:00,897 - oauthlib.oauth1.rfc5849 - DEBUG - Signature: lD7pnWOuBTXgFpDsiLxB1PQwFgs=
2017-03-29 15:10:00,897 - requests_oauthlib.oauth1_auth - DEBUG - Updated url: https://stream.twitter.com/1.1/statuses/filter.json?delimited=length
2017-03-29 15:10:00,897 - requests_oauthlib.oauth1_auth - DEBUG - Updated headers: {u'Content-Length': u'39', u'Content-Type': u'application/x-www-form-urlencoded', u'Authorization': u'OAuth oauth_nonce="152709081354123470081490800200", oauth_timestamp="1490800200", oauth_version="1.0", oauth_signature_method="HMAC-SHA1", oauth_consumer_key="9AgE4wWA6W7c2cubVeudk5vw0", oauth_token="842028477192658944-8ZR2O9LCUVuQSWBlmp03zxa4C6YjG16", oauth_signature="lD7pnWOuBTXgFpDsiLxB1PQwFgs%3D"'}
2017-03-29 15:10:00,898 - requests_oauthlib.oauth1_auth - DEBUG - Updated body: u'track=a%2Cthe%2Ci%2Cyou%2Cu&language=en'
2017-03-29 15:10:00,900 - requests.packages.urllib3.connectionpool - INFO - Starting new HTTPS connection (1): stream.twitter.com
2017-03-29 15:10:00,996 - requests.packages.urllib3.connectionpool - DEBUG - "POST /1.1/statuses/filter.json?delimited=length HTTP/1.1" 420 36
2017-03-29 15:11:01,058 - requests_oauthlib.oauth1_auth - DEBUG - Signing request <PreparedRequest [POST]> using client <Client nonce=None, signature_method=HMAC-SHA1, realm=None, encoding=utf-8, timestamp=None, resource_owner_secret=****, decoding=None, verifier=None, signature_type=AUTH_HEADER, rsa_key=None, resource_owner_key=842028477192658944-8ZR2O9LCUVuQSWBlmp03zxa4C6YjG16, client_secret=****, callback_uri=None, client_key=9AgE4wWA6W7c2cubVeudk5vw0>
2017-03-29 15:11:01,058 - requests_oauthlib.oauth1_auth - DEBUG - Including body in call to sign: True
2017-03-29 15:11:01,060 - oauthlib.oauth1.rfc5849 - DEBUG - Collected params: [(u'delimited', u'length'), (u'oauth_nonce', u'122615318818472733761490800261'), (u'oauth_timestamp', u'1490800261'), (u'oauth_consumer_key', u'9AgE4wWA6W7c2cubVeudk5vw0'), (u'oauth_signature_method', u'HMAC-SHA1'), (u'oauth_version', u'1.0'), (u'oauth_token', u'842028477192658944-8ZR2O9LCUVuQSWBlmp03zxa4C6YjG16'), (u'track', u'a,the,i,you,u'), (u'language', u'en')]
2017-03-29 15:11:01,061 - oauthlib.oauth1.rfc5849 - DEBUG - Normalized params: delimited=length&language=en&oauth_consumer_key=9AgE4wWA6W7c2cubVeudk5vw0&oauth_nonce=122615318818472733761490800261&oauth_signature_method=HMAC-SHA1&oauth_timestamp=1490800261&oauth_token=842028477192658944-8ZR2O9LCUVuQSWBlmp03zxa4C6YjG16&oauth_version=1.0&track=a%2Cthe%2Ci%2Cyou%2Cu
2017-03-29 15:11:01,061 - oauthlib.oauth1.rfc5849 - DEBUG - Normalized URI: https://stream.twitter.com/1.1/statuses/filter.json
2017-03-29 15:11:01,061 - oauthlib.oauth1.rfc5849 - DEBUG - Base signing string: POST&https%3A%2F%2Fstream.twitter.com%2F1.1%2Fstatuses%2Ffilter.json&delimited%3Dlength%26language%3Den%26oauth_consumer_key%3D9AgE4wWA6W7c2cubVeudk5vw0%26oauth_nonce%3D122615318818472733761490800261%26oauth_signature_method%3DHMAC-SHA1%26oauth_timestamp%3D1490800261%26oauth_token%3D842028477192658944-8ZR2O9LCUVuQSWBlmp03zxa4C6YjG16%26oauth_version%3D1.0%26track%3Da%252Cthe%252Ci%252Cyou%252Cu
2017-03-29 15:11:01,062 - oauthlib.oauth1.rfc5849 - DEBUG - Signature: 3g4ype0qxxO1tVN+gXM6lcEm9rE=
2017-03-29 15:11:01,062 - requests_oauthlib.oauth1_auth - DEBUG - Updated url: https://stream.twitter.com/1.1/statuses/filter.json?delimited=length
2017-03-29 15:11:01,063 - requests_oauthlib.oauth1_auth - DEBUG - Updated headers: {u'Content-Length': u'39', u'Content-Type': u'application/x-www-form-urlencoded', u'Authorization': u'OAuth oauth_nonce="122615318818472733761490800261", oauth_timestamp="1490800261", oauth_version="1.0", oauth_signature_method="HMAC-SHA1", oauth_consumer_key="9AgE4wWA6W7c2cubVeudk5vw0", oauth_token="842028477192658944-8ZR2O9LCUVuQSWBlmp03zxa4C6YjG16", oauth_signature="3g4ype0qxxO1tVN%2BgXM6lcEm9rE%3D"'}
2017-03-29 15:11:01,063 - requests_oauthlib.oauth1_auth - DEBUG - Updated body: u'track=a%2Cthe%2Ci%2Cyou%2Cu&language=en'
2017-03-29 15:11:01,063 - requests.packages.urllib3.connectionpool - INFO - Starting new HTTPS connection (2): stream.twitter.com
2017-03-29 15:11:01,430 - requests.packages.urllib3.connectionpool - DEBUG - "POST /1.1/statuses/filter.json?delimited=length HTTP/1.1" 420 36
2017-03-29 15:13:01,533 - requests_oauthlib.oauth1_auth - DEBUG - Signing request <PreparedRequest [POST]> using client <Client nonce=None, signature_method=HMAC-SHA1, realm=None, encoding=utf-8, timestamp=None, resource_owner_secret=****, decoding=None, verifier=None, signature_type=AUTH_HEADER, rsa_key=None, resource_owner_key=842028477192658944-8ZR2O9LCUVuQSWBlmp03zxa4C6YjG16, client_secret=****, callback_uri=None, client_key=9AgE4wWA6W7c2cubVeudk5vw0>
2017-03-29 15:13:01,534 - requests_oauthlib.oauth1_auth - DEBUG - Including body in call to sign: True
2017-03-29 15:13:01,535 - oauthlib.oauth1.rfc5849 - DEBUG - Collected params: [(u'delimited', u'length'), (u'oauth_nonce', u'65588896077276781081490800381'), (u'oauth_timestamp', u'1490800381'), (u'oauth_consumer_key', u'9AgE4wWA6W7c2cubVeudk5vw0'), (u'oauth_signature_method', u'HMAC-SHA1'), (u'oauth_version', u'1.0'), (u'oauth_token', u'842028477192658944-8ZR2O9LCUVuQSWBlmp03zxa4C6YjG16'), (u'track', u'a,the,i,you,u'), (u'language', u'en')]
2017-03-29 15:13:01,536 - oauthlib.oauth1.rfc5849 - DEBUG - Normalized params: delimited=length&language=en&oauth_consumer_key=9AgE4wWA6W7c2cubVeudk5vw0&oauth_nonce=65588896077276781081490800381&oauth_signature_method=HMAC-SHA1&oauth_timestamp=1490800381&oauth_token=842028477192658944-8ZR2O9LCUVuQSWBlmp03zxa4C6YjG16&oauth_version=1.0&track=a%2Cthe%2Ci%2Cyou%2Cu
2017-03-29 15:13:01,536 - oauthlib.oauth1.rfc5849 - DEBUG - Normalized URI: https://stream.twitter.com/1.1/statuses/filter.json
2017-03-29 15:13:01,536 - oauthlib.oauth1.rfc5849 - DEBUG - Base signing string: POST&https%3A%2F%2Fstream.twitter.com%2F1.1%2Fstatuses%2Ffilter.json&delimited%3Dlength%26language%3Den%26oauth_consumer_key%3D9AgE4wWA6W7c2cubVeudk5vw0%26oauth_nonce%3D65588896077276781081490800381%26oauth_signature_method%3DHMAC-SHA1%26oauth_timestamp%3D1490800381%26oauth_token%3D842028477192658944-8ZR2O9LCUVuQSWBlmp03zxa4C6YjG16%26oauth_version%3D1.0%26track%3Da%252Cthe%252Ci%252Cyou%252Cu
2017-03-29 15:13:01,536 - oauthlib.oauth1.rfc5849 - DEBUG - Signature: SEhfCuL+geLjtmQQZfsMuuRBaK0=
2017-03-29 15:13:01,537 - requests_oauthlib.oauth1_auth - DEBUG - Updated url: https://stream.twitter.com/1.1/statuses/filter.json?delimited=length
2017-03-29 15:13:01,537 - requests_oauthlib.oauth1_auth - DEBUG - Updated headers: {u'Content-Length': u'39', u'Content-Type': u'application/x-www-form-urlencoded', u'Authorization': u'OAuth oauth_nonce="65588896077276781081490800381", oauth_timestamp="1490800381", oauth_version="1.0", oauth_signature_method="HMAC-SHA1", oauth_consumer_key="9AgE4wWA6W7c2cubVeudk5vw0", oauth_token="842028477192658944-8ZR2O9LCUVuQSWBlmp03zxa4C6YjG16", oauth_signature="SEhfCuL%2BgeLjtmQQZfsMuuRBaK0%3D"'}
2017-03-29 15:13:01,537 - requests_oauthlib.oauth1_auth - DEBUG - Updated body: u'track=a%2Cthe%2Ci%2Cyou%2Cu&language=en'
2017-03-29 15:13:01,538 - requests.packages.urllib3.connectionpool - INFO - Starting new HTTPS connection (3): stream.twitter.com
2017-03-29 15:13:01,720 - requests.packages.urllib3.connectionpool - DEBUG - "POST /1.1/statuses/filter.json?delimited=length HTTP/1.1" 420 36
2017-03-29 15:17:01,824 - requests_oauthlib.oauth1_auth - DEBUG - Signing request <PreparedRequest [POST]> using client <Client nonce=None, signature_method=HMAC-SHA1, realm=None, encoding=utf-8, timestamp=None, resource_owner_secret=****, decoding=None, verifier=None, signature_type=AUTH_HEADER, rsa_key=None, resource_owner_key=842028477192658944-8ZR2O9LCUVuQSWBlmp03zxa4C6YjG16, client_secret=****, callback_uri=None, client_key=9AgE4wWA6W7c2cubVeudk5vw0>
2017-03-29 15:17:01,824 - requests_oauthlib.oauth1_auth - DEBUG - Including body in call to sign: True
2017-03-29 15:17:01,825 - oauthlib.oauth1.rfc5849 - DEBUG - Collected params: [(u'delimited', u'length'), (u'oauth_nonce', u'3131415610540591791490800621'), (u'oauth_timestamp', u'1490800621'), (u'oauth_consumer_key', u'9AgE4wWA6W7c2cubVeudk5vw0'), (u'oauth_signature_method', u'HMAC-SHA1'), (u'oauth_version', u'1.0'), (u'oauth_token', u'842028477192658944-8ZR2O9LCUVuQSWBlmp03zxa4C6YjG16'), (u'track', u'a,the,i,you,u'), (u'language', u'en')]
2017-03-29 15:17:01,826 - oauthlib.oauth1.rfc5849 - DEBUG - Normalized params: delimited=length&language=en&oauth_consumer_key=9AgE4wWA6W7c2cubVeudk5vw0&oauth_nonce=3131415610540591791490800621&oauth_signature_method=HMAC-SHA1&oauth_timestamp=1490800621&oauth_token=842028477192658944-8ZR2O9LCUVuQSWBlmp03zxa4C6YjG16&oauth_version=1.0&track=a%2Cthe%2Ci%2Cyou%2Cu
2017-03-29 15:17:01,826 - oauthlib.oauth1.rfc5849 - DEBUG - Normalized URI: https://stream.twitter.com/1.1/statuses/filter.json
2017-03-29 15:17:01,826 - oauthlib.oauth1.rfc5849 - DEBUG - Base signing string: POST&https%3A%2F%2Fstream.twitter.com%2F1.1%2Fstatuses%2Ffilter.json&delimited%3Dlength%26language%3Den%26oauth_consumer_key%3D9AgE4wWA6W7c2cubVeudk5vw0%26oauth_nonce%3D3131415610540591791490800621%26oauth_signature_method%3DHMAC-SHA1%26oauth_timestamp%3D1490800621%26oauth_token%3D842028477192658944-8ZR2O9LCUVuQSWBlmp03zxa4C6YjG16%26oauth_version%3D1.0%26track%3Da%252Cthe%252Ci%252Cyou%252Cu
2017-03-29 15:17:01,826 - oauthlib.oauth1.rfc5849 - DEBUG - Signature: Gh8cTcPaABzw26hKr8QoWu2wyf8=
2017-03-29 15:17:01,826 - requests_oauthlib.oauth1_auth - DEBUG - Updated url: https://stream.twitter.com/1.1/statuses/filter.json?delimited=length
2017-03-29 15:17:01,826 - requests_oauthlib.oauth1_auth - DEBUG - Updated headers: {u'Content-Length': u'39', u'Content-Type': u'application/x-www-form-urlencoded', u'Authorization': u'OAuth oauth_nonce="3131415610540591791490800621", oauth_timestamp="1490800621", oauth_version="1.0", oauth_signature_method="HMAC-SHA1", oauth_consumer_key="9AgE4wWA6W7c2cubVeudk5vw0", oauth_token="842028477192658944-8ZR2O9LCUVuQSWBlmp03zxa4C6YjG16", oauth_signature="Gh8cTcPaABzw26hKr8QoWu2wyf8%3D"'}
2017-03-29 15:17:01,827 - requests_oauthlib.oauth1_auth - DEBUG - Updated body: u'track=a%2Cthe%2Ci%2Cyou%2Cu&language=en'
2017-03-29 15:17:01,827 - requests.packages.urllib3.connectionpool - INFO - Starting new HTTPS connection (4): stream.twitter.com
2017-03-29 15:17:02,019 - requests.packages.urllib3.connectionpool - DEBUG - "POST /1.1/statuses/filter.json?delimited=length HTTP/1.1" 420 36
2017-03-29 15:22:22,088 - requests_oauthlib.oauth1_auth - DEBUG - Signing request <PreparedRequest [POST]> using client <Client nonce=None, signature_method=HMAC-SHA1, realm=None, encoding=utf-8, timestamp=None, resource_owner_secret=****, decoding=None, verifier=None, signature_type=AUTH_HEADER, rsa_key=None, resource_owner_key=842028477192658944-8ZR2O9LCUVuQSWBlmp03zxa4C6YjG16, client_secret=****, callback_uri=None, client_key=9AgE4wWA6W7c2cubVeudk5vw0>
2017-03-29 15:22:22,088 - requests_oauthlib.oauth1_auth - DEBUG - Including body in call to sign: True
2017-03-29 15:22:22,089 - oauthlib.oauth1.rfc5849 - DEBUG - Collected params: [(u'delimited', u'length'), (u'oauth_nonce', u'148609429997831981241490800942'), (u'oauth_timestamp', u'1490800942'), (u'oauth_consumer_key', u'9AgE4wWA6W7c2cubVeudk5vw0'), (u'oauth_signature_method', u'HMAC-SHA1'), (u'oauth_version', u'1.0'), (u'oauth_token', u'842028477192658944-8ZR2O9LCUVuQSWBlmp03zxa4C6YjG16'), (u'track', u'a,the,i,you,u'), (u'language', u'en')]
2017-03-29 15:22:22,089 - oauthlib.oauth1.rfc5849 - DEBUG - Normalized params: delimited=length&language=en&oauth_consumer_key=9AgE4wWA6W7c2cubVeudk5vw0&oauth_nonce=148609429997831981241490800942&oauth_signature_method=HMAC-SHA1&oauth_timestamp=1490800942&oauth_token=842028477192658944-8ZR2O9LCUVuQSWBlmp03zxa4C6YjG16&oauth_version=1.0&track=a%2Cthe%2Ci%2Cyou%2Cu
2017-03-29 15:22:22,089 - oauthlib.oauth1.rfc5849 - DEBUG - Normalized URI: https://stream.twitter.com/1.1/statuses/filter.json
2017-03-29 15:22:22,089 - oauthlib.oauth1.rfc5849 - DEBUG - Base signing string: POST&https%3A%2F%2Fstream.twitter.com%2F1.1%2Fstatuses%2Ffilter.json&delimited%3Dlength%26language%3Den%26oauth_consumer_key%3D9AgE4wWA6W7c2cubVeudk5vw0%26oauth_nonce%3D148609429997831981241490800942%26oauth_signature_method%3DHMAC-SHA1%26oauth_timestamp%3D1490800942%26oauth_token%3D842028477192658944-8ZR2O9LCUVuQSWBlmp03zxa4C6YjG16%26oauth_version%3D1.0%26track%3Da%252Cthe%252Ci%252Cyou%252Cu
2017-03-29 15:22:22,089 - oauthlib.oauth1.rfc5849 - DEBUG - Signature: IjTOw6psK8wWjdcdIA1D3H76GoA=
2017-03-29 15:22:22,090 - requests_oauthlib.oauth1_auth - DEBUG - Updated url: https://stream.twitter.com/1.1/statuses/filter.json?delimited=length
2017-03-29 15:22:22,090 - requests_oauthlib.oauth1_auth - DEBUG - Updated headers: {u'Content-Length': u'39', u'Content-Type': u'application/x-www-form-urlencoded', u'Authorization': u'OAuth oauth_nonce="148609429997831981241490800942", oauth_timestamp="1490800942", oauth_version="1.0", oauth_signature_method="HMAC-SHA1", oauth_consumer_key="9AgE4wWA6W7c2cubVeudk5vw0", oauth_token="842028477192658944-8ZR2O9LCUVuQSWBlmp03zxa4C6YjG16", oauth_signature="IjTOw6psK8wWjdcdIA1D3H76GoA%3D"'}
2017-03-29 15:22:22,090 - requests_oauthlib.oauth1_auth - DEBUG - Updated body: u'track=a%2Cthe%2Ci%2Cyou%2Cu&language=en'
2017-03-29 15:22:22,090 - requests.packages.urllib3.connectionpool - INFO - Starting new HTTPS connection (5): stream.twitter.com
2017-03-29 15:22:22,184 - requests.packages.urllib3.connectionpool - DEBUG - "POST /1.1/statuses/filter.json?delimited=length HTTP/1.1" 420 36
